#-----------------------------------------------------------
# Vivado v2019.2 (64-bit)
# SW Build 2708876 on Wed Nov  6 21:40:23 MST 2019
# IP Build 2700528 on Thu Nov  7 00:09:20 MST 2019
# Start of session at: Mon May 11 09:32:57 2020
# Process ID: 33088
# Current directory: C:/Users/Jonathan/Desktop/fp8/fp4/Our_processor
# Command line: vivado.exe -gui_launcher_event rodinguilauncherevent54644 C:\Users\Jonathan\Desktop\fp8\fp4\Our_processor\Processor_top_level.xpr
# Log file: C:/Users/Jonathan/Desktop/fp8/fp4/Our_processor/vivado.log
# Journal file: C:/Users/Jonathan/Desktop/fp8/fp4/Our_processor\vivado.jou
#-----------------------------------------------------------
start_gui
open_project C:/Users/Jonathan/Desktop/fp8/fp4/Our_processor/Processor_top_level.xpr
Scanning sources...
Finished scanning sources
INFO: [IP_Flow 19-234] Refreshing IP repositories
INFO: [IP_Flow 19-1704] No user IP repositories specified
INFO: [IP_Flow 19-2313] Loaded Vivado IP repository 'C:/Xilinx/Vivado/2019.2/data/ip'.
open_project: Time (s): cpu = 00:00:12 ; elapsed = 00:00:07 . Memory (MB): peak = 897.328 ; gain = 253.695
update_compile_order -fileset sources_1
launch_simulation
Command: launch_simulation 
INFO: [Vivado 12-5682] Launching behavioral simulation in 'C:/Users/Jonathan/Desktop/fp8/fp4/Our_processor/Processor_top_level.sim/sim_1/behav/xsim'
INFO: [SIM-utils-51] Simulation object is 'sim_1'
INFO: [SIM-utils-54] Inspecting design source files for 'processor_sim' in fileset 'sim_1'...
INFO: [SIM-utils-43] Exported 'C:/Users/Jonathan/Desktop/fp8/fp4/Our_processor/Processor_top_level.sim/sim_1/behav/xsim/memfile.dat'
INFO: [USF-XSim-97] Finding global include files...
INFO: [USF-XSim-98] Fetching design files from 'sim_1'...
INFO: [USF-XSim-2] XSim::Compile design
INFO: [USF-XSim-61] Executing 'COMPILE and ANALYZE' step in 'C:/Users/Jonathan/Desktop/fp8/fp4/Our_processor/Processor_top_level.sim/sim_1/behav/xsim'
"xvhdl --incr --relax -prj processor_sim_vhdl.prj"
INFO: [USF-XSim-69] 'compile' step finished in '2' seconds
INFO: [USF-XSim-3] XSim::Elaborate design
INFO: [USF-XSim-61] Executing 'ELABORATE' step in 'C:/Users/Jonathan/Desktop/fp8/fp4/Our_processor/Processor_top_level.sim/sim_1/behav/xsim'
"xelab -wto bcc1cdd68380409ab1d12ba50310a302 --incr --debug typical --relax --mt 2 -L xil_defaultlib -L secureip --snapshot processor_sim_behav xil_defaultlib.processor_sim -log elaborate.log"
Vivado Simulator 2019.2
Copyright 1986-1999, 2001-2019 Xilinx, Inc. All Rights Reserved.
Running: C:/Xilinx/Vivado/2019.2/bin/unwrapped/win64.o/xelab.exe -wto bcc1cdd68380409ab1d12ba50310a302 --incr --debug typical --relax --mt 2 -L xil_defaultlib -L secureip --snapshot processor_sim_behav xil_defaultlib.processor_sim -log elaborate.log 
Using 2 slave threads.
Starting static elaboration
Completed static elaboration
INFO: [XSIM 43-4323] No Change in HDL. Linking previously generated obj files to create kernel
run_program: Time (s): cpu = 00:00:01 ; elapsed = 00:00:26 . Memory (MB): peak = 934.461 ; gain = 0.000
INFO: [USF-XSim-69] 'elaborate' step finished in '26' seconds
INFO: [USF-XSim-4] XSim::Simulate design
INFO: [USF-XSim-61] Executing 'SIMULATE' step in 'C:/Users/Jonathan/Desktop/fp8/fp4/Our_processor/Processor_top_level.sim/sim_1/behav/xsim'
INFO: [USF-XSim-98] *** Running xsim
   with args "processor_sim_behav -key {Behavioral:sim_1:Functional:processor_sim} -tclbatch {processor_sim.tcl} -log {simulate.log}"
INFO: [USF-XSim-8] Loading simulator feature
Vivado Simulator 2019.2
Time resolution is 1 ps
source processor_sim.tcl
# set curr_wave [current_wave_config]
# if { [string length $curr_wave] == 0 } {
#   if { [llength [get_objects]] > 0} {
#     add_wave /
#     set_property needs_save false [current_wave_config]
#   } else {
#      send_msg_id Add_Wave-1 WARNING "No top level signals found. Simulator will start without a wave window. If you want to open a wave window go to 'File->New Waveform Configuration' or type 'create_wave_config' in the TCL console."
#   }
# }
# run 1000ns
INFO: [USF-XSim-96] XSim completed. Design snapshot 'processor_sim_behav' loaded.
INFO: [USF-XSim-97] XSim simulation ran for 1000ns
launch_simulation: Time (s): cpu = 00:00:08 ; elapsed = 00:00:32 . Memory (MB): peak = 967.535 ; gain = 33.074
relaunch_sim
Command: launch_simulation -simset sim_1 -mode behavioral
INFO: [Vivado 12-5682] Launching behavioral simulation in 'C:/Users/Jonathan/Desktop/fp8/fp4/Our_processor/Processor_top_level.sim/sim_1/behav/xsim'
INFO: [SIM-utils-51] Simulation object is 'sim_1'
INFO: [SIM-utils-54] Inspecting design source files for 'processor_sim' in fileset 'sim_1'...
INFO: [SIM-utils-43] Exported 'C:/Users/Jonathan/Desktop/fp8/fp4/Our_processor/Processor_top_level.sim/sim_1/behav/xsim/memfile.dat'
INFO: [USF-XSim-97] Finding global include files...
INFO: [USF-XSim-98] Fetching design files from 'sim_1'...
INFO: [USF-XSim-2] XSim::Compile design
INFO: [USF-XSim-61] Executing 'COMPILE and ANALYZE' step in 'C:/Users/Jonathan/Desktop/fp8/fp4/Our_processor/Processor_top_level.sim/sim_1/behav/xsim'
"xvhdl --incr --relax -prj processor_sim_vhdl.prj"
INFO: [USF-XSim-69] 'compile' step finished in '1' seconds
Command: launch_simulation -simset sim_1 -mode behavioral
INFO: [Vivado 12-5682] Launching behavioral simulation in 'C:/Users/Jonathan/Desktop/fp8/fp4/Our_processor/Processor_top_level.sim/sim_1/behav/xsim'
INFO: [USF-XSim-3] XSim::Elaborate design
INFO: [USF-XSim-61] Executing 'ELABORATE' step in 'C:/Users/Jonathan/Desktop/fp8/fp4/Our_processor/Processor_top_level.sim/sim_1/behav/xsim'
"xelab -wto bcc1cdd68380409ab1d12ba50310a302 --incr --debug typical --relax --mt 2 -L xil_defaultlib -L secureip --snapshot processor_sim_behav xil_defaultlib.processor_sim -log elaborate.log"
Vivado Simulator 2019.2
Copyright 1986-1999, 2001-2019 Xilinx, Inc. All Rights Reserved.
Running: C:/Xilinx/Vivado/2019.2/bin/unwrapped/win64.o/xelab.exe -wto bcc1cdd68380409ab1d12ba50310a302 --incr --debug typical --relax --mt 2 -L xil_defaultlib -L secureip --snapshot processor_sim_behav xil_defaultlib.processor_sim -log elaborate.log 
Using 2 slave threads.
Starting static elaboration
Completed static elaboration
INFO: [XSIM 43-4323] No Change in HDL. Linking previously generated obj files to create kernel
run_program: Time (s): cpu = 00:00:01 ; elapsed = 00:00:26 . Memory (MB): peak = 967.535 ; gain = 0.000
INFO: [USF-XSim-69] 'elaborate' step finished in '26' seconds
launch_simulation: Time (s): cpu = 00:00:01 ; elapsed = 00:00:26 . Memory (MB): peak = 967.535 ; gain = 0.000
Vivado Simulator 2019.2
Time resolution is 1 ps
relaunch_sim: Time (s): cpu = 00:00:01 ; elapsed = 00:00:33 . Memory (MB): peak = 967.535 ; gain = 0.000
close_sim
INFO: [Simtcl 6-16] Simulation closed
exit
INFO: [Common 17-206] Exiting Vivado at Mon May 11 09:36:49 2020...
